[Thu Feb 19 00:13:02.708 2015] 0.000 sec [ext2/2/ext 7 (0,4)] [user_core]
[Thu Feb 19 00:13:06.518 2015] 0.000 sec [ext2/2/ext 7 (4,4)] [user_core]
[Thu Feb 19 00:13:28.652 2015] 0.000 sec [ext2/2/ext 7 (0,4)] [user_core]
[Thu Feb 19 00:14:44.510 2015] 0.000 sec [ext2/2/ext 7 (4,4)] [user_core]
[Thu Feb 19 00:20:12.763 2015] 0.000 sec [ext2/2/ext 7 (0,4)] [user_core]
[Thu Feb 19 00:20:18.482 2015] 0.000 sec [ext2/2/ext 7 (4,4)] [user_core]
[Thu Feb 19 00:20:28.178 2015] 0.000 sec [ext2/2/ext 7 (0,4)] [user_core]
[Thu Feb 19 00:20:33.986 2015] 0.000 sec [ext2/2/ext 7 (0,4)] [user_core]
[Thu Feb 19 00:20:41.238 2015] 0.000 sec [ext2/1/ext 8 (0,4)] [user_core]
[Thu Feb 19 00:21:04.352 2015] 0.000 sec [ext2/1/ext 8 (0,4)] [user_core]
[Thu Feb 19 00:21:17.626 2015] 0.000 sec [ext2/2/ext 7 (0,4)] [user_core]
[Thu Feb 19 00:21:24.326 2015] 0.000 sec [ext2/2/ext 7 (0,4)] [user_core]
[Thu Feb 19 00:22:08.577 2015] 0.000 sec [ext2/2/ext 7 (0,4)] [user_core]
[Thu Feb 19 00:22:39.182 2015] 0.000 sec [ext2/2/ext 7 (0,4)] [user_core]
[Thu Feb 19 00:48:05.125 2015] 0.000 sec [ext2/2/ext 7 (0,4)] [user_core]
[Thu Feb 19 00:48:10.925 2015] 0.000 sec [ext2/2/ext 7 (4,4)] [user_core]
[Thu Feb 19 00:57:20.425 2015] 0.000 sec [ext2/2/ext 7 (0,4)] [user_core]
[Thu Feb 19 00:57:27.599 2015] 0.000 sec [ext2/2/ext 7 (4,4)] [user_core]
[Thu Feb 19 01:07:50.701 2015] 0.000 sec [ext2/2/ext 7 (0,4)] [user_core]
[Thu Feb 19 01:08:01.370 2015] 0.000 sec [ext2/2/ext 7 (4,4)] [user_core]
[Thu Feb 19 01:09:04.384 2015] 0.000 sec [ext2/2/ext 7 (0,4)] [user_core]
[Thu Feb 19 01:09:09.074 2015] 0.000 sec [ext2/2/ext 7 (4,4)] [user_core]
[Thu Feb 19 01:09:26.940 2015] 0.000 sec [ext2/2/ext 7 (0,4)] [user_core]
[Thu Feb 19 01:09:31.051 2015] 0.000 sec [ext2/2/ext 7 (4,4)] [user_core]
[Thu Feb 19 01:09:38.917 2015] 0.000 sec [ext2/2/ext 7 (0,4)] [user_core]
[Thu Feb 19 01:09:41.761 2015] 0.000 sec [ext2/2/ext 7 (4,4)] [user_core]
[Thu Feb 19 01:09:50.736 2015] 0.000 sec [ext2/2/ext 7 (0,4)] [user_core]
[Thu Feb 19 01:10:24.797 2015] 0.000 sec [ext2/2/ext 7 (4,4)] [user_core]
[Thu Feb 19 01:11:52.728 2015] 0.000 sec [ext2/2/ext 7 (0,4)] [user_core]
[Thu Feb 19 01:12:14.906 2015] 0.000 sec [ext2/2/ext 7 (0,4)] [user_core]
[Thu Feb 19 01:12:28.550 2015] 0.000 sec [ext2/2/ext 7 (0,4)] [user_core]
[Thu Feb 19 01:12:32.845 2015] 0.000 sec [ext2/2/ext 7 (4,4)] [user_core]
[Thu Feb 19 01:12:52.334 2015] 0.000 sec [ext2/2/ext 7 (0,4)] [user_core]
[Thu Feb 19 01:12:57.386 2015] 0.000 sec [ext2/2/ext 7 (4,4)] [user_core]
[Thu Feb 19 01:14:26.183 2015] 0.000 sec [ext2/2/ext 7 (0,4)] [user_core]
[Thu Feb 19 01:14:29.564 2015] 0.000 sec [ext2/2/ext 7 (4,4)] [user_core]
[Thu Feb 19 01:33:35.883 2015] 0.000 sec [ext2/2/ext 7 (0,4)] [user_core]
[Thu Feb 19 01:33:39.435 2015] 0.000 sec [ext2/2/ext 7 (4,4)] [user_core]
[Thu Feb 19 01:35:56.416 2015] 0.000 sec [ext2/2/ext 7 (0,4)] [user_core]
[Thu Feb 19 01:36:13.703 2015] 0.000 sec [ext2/2/ext 7 (0,4)] [user_core]
[Thu Feb 19 01:36:16.022 2015] 0.000 sec [ext2/2/ext 7 (4,4)] [user_core]
[Thu Feb 19 21:40:01.960 2015] 0.007 sec [ext2/1/ext 8 (0,4)] [user_core]
[Thu Feb 19 21:41:01.556 2015] 0.000 sec [ext2/1/ext 8 (0,4)] [user_core]
[Thu Feb 19 21:42:05.270 2015] 0.000 sec [ext2/1/ext 8 (4,4)] [user_core]
[Thu Feb 19 21:42:40.675 2015] 0.000 sec [ext2/2/ext 7 (0,4)] [user_core]
[Thu Feb 19 21:42:45.004 2015] 0.000 sec [ext2/2/ext 7 (4,4)] [user_core]
[Thu Feb 19 21:46:07.209 2015] 0.000 sec [ext2/2/ext 7 (0,4)] [user_core]
[Thu Feb 19 22:02:58.711 2015] 0.000 sec [ext2/2/ext 7 (0,4)] [user_core]
[Thu Feb 19 22:02:58.714 2015] 0.000 sec [ext2/2/ext 7 (0,4)] [user_core]
[Thu Feb 19 22:06:28.803 2015] 0.000 sec [ext2/2/ext 7 (0,4)] [user_core]
[Thu Feb 19 22:06:28.807 2015] 0.000 sec [ext2/2/ext 7 (0,4)] [user_core]
[Thu Feb 19 22:06:34.546 2015] 0.000 sec [ext2/2/ext 7 (4,4)] [user_core]
[Thu Feb 19 22:09:42.093 2015] 0.000 sec [ext2/2/ext 7 (0,4)] [user_core]
[Thu Feb 19 22:09:48.441 2015] 0.000 sec [ext2/2/ext 7 (4,4)] [user_core]
[Thu Feb 19 22:10:15.746 2015] 0.000 sec [ext2/2/ext 7 (0,4)] [user_core]
[Thu Feb 19 22:10:33.536 2015] 0.000 sec [ext2/2/ext 7 (4,4)] [user_core]
[Thu Feb 19 22:10:42.310 2015] 0.000 sec [ext2/2/ext 7 (0,4)] [user_core]
[Thu Feb 19 22:10:47.943 2015] 0.000 sec [ext2/2/ext 7 (4,4)] [user_core]
[Thu Feb 19 22:12:37.621 2015] 0.000 sec [ext2/2/ext 7 (0,4)] [user_core]
[Thu Feb 19 22:12:41.045 2015] 0.000 sec [ext2/2/ext 7 (4,4)] [user_core]
[Thu Feb 19 22:12:54.771 2015] 0.000 sec [ext2/2/ext 7 (0,4)] [user_core]
[Thu Feb 19 22:12:59.163 2015] 0.000 sec [ext2/2/ext 7 (4,4)] [user_core]
[Thu Feb 19 22:16:25.521 2015] 0.000 sec [ext2/3/ext 0 (0,20)] [user_core] test
[Thu Feb 19 22:16:25.524 2015] 0.000 sec [ext2/3/ext 0 (0,20)] [user_core] test
[Thu Feb 19 22:16:43.337 2015] 0.000 sec [ext2/3/ext 0 (0,20)] [user_core] taj
[Thu Feb 19 22:16:59.513 2015] 0.000 sec [ext2/3/ext 0 (0,20)] [user_core] tajshavali
[Thu Feb 19 22:17:07.787 2015] 0.000 sec [ext2/1/ext 8 (0,4)] [user_core]
[Thu Feb 19 22:17:14.551 2015] 0.000 sec [ext2/1/ext 8 (4,4)] [user_core]
[Thu Feb 19 22:17:14.877 2015] 0.000 sec [ext2/1/ext 8 (8,4)] [user_core]
[Thu Feb 19 22:17:37.457 2015] 0.000 sec [ext2/2/ext 7 (0,4)] [user_core]
[Thu Feb 19 22:17:43.928 2015] 0.000 sec [ext2/2/ext 7 (4,4)] [user_core]
[Thu Feb 19 22:17:53.890 2015] 0.000 sec [ext2/3/ext 0 (0,20)] [user_core] test1
[Thu Feb 19 22:32:39.008 2015] 0.000 sec [ext2/1/ext 8 (0,4)] [user_core]
[Sun Feb 22 10:44:00.471 2015] 0.016 sec [ext2/1/ext 8 (0,4)] [user_core]
[Sun Feb 22 10:44:24.121 2015] 0.000 sec [ext2/2/ext 7 (0,4)] [user_core]
[Sun Feb 22 10:44:40.879 2015] 0.000 sec [ext2/1/ext 8 (0,4)] [user_core]
[Sun Feb 22 10:45:16.412 2015] 0.000 sec [ext2/2/ext 7 (0,4)] [user_core]
[Sun Feb 22 10:45:26.569 2015] 0.000 sec [ext2/2/ext 7 (4,4)] [user_core]
[Sun Feb 22 10:52:49.336 2015] 0.000 sec [ext2/2/ext 7 (4,4)] [user_core]
[Sun Feb 22 10:54:50.752 2015] 0.000 sec [ext2/2/ext 7 (0,4)] [user_core]
[Sun Feb 22 10:54:56.366 2015] 0.000 sec [ext2/2/ext 7 (0,4)] [user_core]
[Sun Feb 22 10:56:44.765 2015] 0.000 sec [ext2/2/ext 7 (0,4)] [user_core]
[Sun Feb 22 10:57:11.203 2015] 0.000 sec [ext2/2/ext 7 (0,4)] [user_core]
[Sun Feb 22 11:34:31.453 2015] 0.000 sec [ext2/2/ext 7 (0,4)] [user_core]
[Sun Feb 22 13:14:55.508 2015] 0.000 sec [ext2/2/ext 7 (4,4)] [user_core]
[Sun Feb 22 13:15:11.943 2015] 0.000 sec [ext2/2/ext 7 (0,4)] [user_core]
[Sun Feb 22 18:22:33.835 2015] 0.000 sec [ext2/1/ext 8 (0,4)] [user_core]
[Sun Feb 22 18:23:21.685 2015] 0.000 sec [ext2/1/ext 8 (0,4)] [user_core]
[Sun Feb 22 18:43:16.947 2015] 0.000 sec [ext2/1/ext 0 (0,20)] [user_core] test
[Sun Feb 22 19:01:55.071 2015] 0.000 sec [ext2/1/ext 0 (0,20)] [user_core] @zip_code 12345
[Sun Feb 22 19:02:13.268 2015] 0.000 sec [ext2/4/ext 0 (0,20)] [user_core] @gender Female @zip_code 30052 @religion Christian
[Sun Feb 22 19:02:29.960 2015] 0.000 sec [ext2/4/ext 0 (0,20)] [user_core] @gender Female @zip_code 30052 @religion Christian
[Sun Feb 22 19:04:00.882 2015] 0.000 sec [ext2/4/ext 0 (0,20)] [user_core] @gender Female @zip_code 30052 @religion Christian
[Sun Feb 22 19:04:34.244 2015] 0.000 sec [ext2/4/ext 0 (0,20)] [user_core] @gender Female @zip_code 18237 @religion Christian
[Sun Feb 22 19:06:55.754 2015] 0.000 sec [ext2/4/ext 0 (0,20)] [user_core] @gender male @zip_code 18237 @religion Christian
[Sun Feb 22 19:07:44.861 2015] 0.000 sec [ext2/4/ext 0 (0,20)] [user_core] @gender male @zip_code 18237 @religion Christian
[Sun Feb 22 19:08:35.777 2015] 0.000 sec [ext2/4/ext 0 (0,20)] [user_core] @gender male @zip_code 18237 @religion Christian
[Sun Feb 22 19:09:44.295 2015] 0.000 sec [ext2/1/ext 8 (0,20)] [user_core]
[Sun Feb 22 19:10:01.614 2015] 0.000 sec [ext2/1/ext 8 (0,20)] [user_core]
[Sun Feb 22 19:11:16.898 2015] 0.000 sec [ext2/3/ext 0 (0,20)] [user_core] test
[Sun Feb 22 19:11:33.834 2015] 0.000 sec [ext2/3/ext 0 (0,20)] [user_core] test
[Sun Feb 22 19:13:29.157 2015] 0.000 sec [ext2/1/ext 8 (0,20)] [user_core]
[Sun Feb 22 19:13:34.801 2015] 0.000 sec [ext2/1/ext 8 (0,20)] [user_core]
[Sun Feb 22 19:15:04.096 2015] 0.000 sec [ext2/4/ext 0 (0,20)] [user_core] @gender Male @zip_code 18237 @religion Christian
[Sun Feb 22 19:15:25.290 2015] 0.000 sec [ext2/4/ext 0 (0,20)] [user_core] @gender Male @zip_code 18237 @religion Christian
[Sun Feb 22 19:16:07.190 2015] 0.000 sec [ext2/3/ext 0 (0,20)] [user_core] @gender Male @zip_code 18237 @religion Christian
[Sun Feb 22 19:16:51.647 2015] 0.000 sec [ext2/4/ext 0 (0,20)] [user_core] @gender Male @zip_code 18237 @religion Christian
[Sun Feb 22 19:17:00.743 2015] 0.000 sec [ext2/4/ext 0 (0,20)] [user_core] @gender Male @religion Christian
[Sun Feb 22 19:17:16.544 2015] 0.000 sec [ext2/4/ext 1 (0,20)] [user_core] @gender Male
[Sun Feb 22 19:19:01.512 2015] 0.000 sec [ext2/4/ext 1 (0,20)] [user_core] @gender Male
[Sun Feb 22 19:19:23.748 2015] 0.000 sec [ext2/4/ext 1 (0,20)] [user_core] @gender Male @zip_code 12849
[Sun Feb 22 19:19:53.200 2015] 0.000 sec [ext2/4/ext 0 (0,20)] [user_core] @gender Male @zip_code 12849 @religion Christian
[Sun Feb 22 19:21:40.869 2015] 0.000 sec [ext2/4/ext 0 (0,20)] [user_core] @gender Male @zip_code 12849 @religion  Christian
[Sun Feb 22 19:22:39.664 2015] 0.000 sec [ext2/1/ext 0 (0,20)] [user_core] @religion Christian
[Sun Feb 22 19:22:53.515 2015] 0.000 sec [ext2/1/ext 0 (0,20)] [user_core] @religion christian
[Sun Feb 22 19:23:32.167 2015] 0.000 sec [ext2/1/ext 0 (0,20)] [user_core] @sexuality Straight
[Sun Feb 22 19:23:41.468 2015] 0.000 sec [ext2/1/ext 3 (0,20)] [user_core] @sexuality Male
[Sun Feb 22 19:24:02.251 2015] 0.000 sec [ext2/1/ext 5 (0,20)] [user_core] @sexuality FeMale
[Sun Feb 22 19:24:25.726 2015] 0.000 sec [ext2/1/ext 0 (0,20)] [user_core] @sexuality Straight
[Sun Feb 22 19:24:51.748 2015] 0.000 sec [ext2/1/ext 1 (0,20)] [user_core] @sexuality Straight
[Sun Feb 22 19:24:58.305 2015] 0.000 sec [ext2/4/ext 1 (0,20)] [user_core] @gender Male @zip_code 12849 @religion  Christian
[Sun Feb 22 19:25:13.621 2015] 0.000 sec [ext2/4/ext 1 (0,20)] [user_core] @gender Male @zip_code 12849 @religion  Christians
[Sun Feb 22 19:25:28.169 2015] 0.000 sec [ext2/4/ext 0 (0,20)] [user_core] @gender Male @zip_code 12849 @religion  Muslim
[Mon Feb 23 23:43:59.041 2015] 0.016 sec [ext2/1/ext 8 (0,4)] [user_core]
[Mon Feb 23 23:45:04.910 2015] 0.000 sec [ext2/1/ext 8 (4,4)] [user_core]
[Mon Feb 23 23:45:05.335 2015] 0.000 sec [ext2/1/ext 8 (8,4)] [user_core]
[Mon Feb 23 23:47:01.868 2015] 0.000 sec [ext2/2/ext 7 (0,4)] [user_core]
[Mon Feb 23 23:47:18.867 2015] 0.000 sec [ext2/4/ext 0 (0,20)] [user_core] @gender Male @zip_code 12851
[Mon Feb 23 23:47:33.157 2015] 0.000 sec [ext2/4/ext 2 (0,20)] [user_core] @gender Male
[Mon Feb 23 23:47:44.874 2015] 0.000 sec [ext2/4/ext 0 (0,20)] [user_core] @gender Male @zip_code 12851
[Mon Feb 23 23:47:50.379 2015] 0.000 sec [ext2/4/ext 2 (0,20)] [user_core] @gender Male
[Mon Feb 23 23:48:29.673 2015] 0.000 sec [ext2/4/ext 0 (0,20)] [user_core] @gender Male @ethnicity Asian
[Mon Feb 23 23:48:34.803 2015] 0.000 sec [ext2/4/ext 2 (0,20)] [user_core] @gender Male
[Mon Feb 23 23:48:45.011 2015] 0.000 sec [ext2/4/ext 0 (0,20)] [user_core] @gender Male @children I want kids now
[Mon Feb 23 23:48:52.360 2015] 0.000 sec [ext2/4/ext 0 (0,20)] [user_core] @gender Male @children Yes they live with me
[Mon Feb 23 23:50:14.547 2015] 0.000 sec [ext2/4/ext 0 (0,20)] [user_core] @gender Male @children I want kids now
[Mon Feb 23 23:51:14.657 2015] 0.000 sec [ext2/4/ext 2 (0,20)] [user_core] @gender Male
[Mon Feb 23 23:51:47.971 2015] 0.000 sec [ext2/4/ext 0 (0,20)] [user_core] @gender Male @zip_code 12851
[Mon Feb 23 23:52:11.350 2015] 0.000 sec [ext2/4/ext 0 (0,20)] [user_core] @gender Male @zip_code 12851
[Mon Feb 23 23:52:28.243 2015] 0.000 sec [ext2/4/ext 0 (0,20)] [user_core] @gender Male @zip_code 12851
[Mon Feb 23 23:52:45.710 2015] 0.000 sec [ext2/4/ext 0 (0,20)] [user_core] @gender Male @zip_code 12851
[Mon Feb 23 23:53:04.965 2015] 0.000 sec [ext2/4/ext 0 (0,20)] [user_core] @gender Male @zip_code 12851
[Mon Feb 23 23:53:25.321 2015] 0.000 sec [ext2/3/ext 0 (0,20)] [user_core] test7
[Mon Feb 23 23:53:59.250 2015] 0.000 sec [ext2/3/ext 0 (0,20)] [user_core] test7
[Mon Feb 23 23:54:38.875 2015] 0.000 sec [ext2/1/ext 1 (0,20)] [user_core] test7
[Mon Feb 23 23:56:33.384 2015] 0.000 sec [ext2/3/ext 0 (0,20)] [user_core] test1
[Mon Feb 23 23:57:03.101 2015] 0.000 sec [ext2/3/ext 0 (0,20)] [user_core] test1
[Mon Feb 23 23:58:10.118 2015] 0.000 sec [ext2/3/ext 0 (0,20)] [user_core] test1
[Mon Feb 23 23:58:45.733 2015] 0.000 sec [ext2/3/ext 0 (0,20)] [user_core] test1
[Mon Feb 23 23:59:23.479 2015] 0.000 sec [ext2/3/ext 0 (0,20)] [user_core] test
[Mon Feb 23 23:59:37.115 2015] 0.000 sec [ext2/3/ext 0 (0,20)] [user_core] test
[Tue Feb 24 00:01:28.967 2015] 0.000 sec [ext2/3/ext 0 (0,20)] [user_core] test
[Tue Feb 24 00:03:40.750 2015] 0.000 sec [ext2/3/ext 0 (0,20)] [user_core] test
[Tue Feb 24 00:07:43.825 2015] 0.000 sec [ext2/2/ext 0 (0,20)] [user_core] test
[Tue Feb 24 00:11:46.186 2015] 0.000 sec [ext2/3/ext 0 (0,20)] [user_core] test
[Tue Feb 24 00:11:56.229 2015] 0.000 sec [ext2/3/ext 0 (0,20)] [user_core] test
[Tue Feb 24 00:15:00.396 2015] 0.000 sec [ext2/1/ext 0 (0,20)] [user_core] test
[Tue Feb 24 00:15:06.736 2015] 0.000 sec [ext2/1/ext 1 (0,20)] [user_core] test1
[Tue Feb 24 00:15:11.565 2015] 0.000 sec [ext2/1/ext 1 (0,20)] [user_core] test5
[Tue Feb 24 00:15:20.322 2015] 0.000 sec [ext2/1/ext 1 (0,20)] [user_core] test7
[Tue Feb 24 00:16:15.266 2015] 0.000 sec [ext2/1/ext 1 (0,20)] [user_core] test7
[Tue Feb 24 00:16:49.141 2015] 0.000 sec [ext2/2/ext 0 (0,20)] [user_core] test7
[Tue Feb 24 00:16:59.380 2015] 0.000 sec [ext2/2/ext 0 (0,20)] [user_core] test7
[Tue Feb 24 00:17:02.753 2015] 0.000 sec [ext2/2/ext 0 (0,20)] [user_core] test7
[Tue Feb 24 00:17:54.096 2015] 0.000 sec [ext2/1/ext 1 (0,20)] [user_core] test7
[Tue Feb 24 00:21:00.745 2015] 0.000 sec [ext2/1/ext 1 (0,20)] [user_core] test7
[Tue Feb 24 00:24:18.180 2015] 0.000 sec [ext2/2/ext 0 (0,20)] [user_core] test7
[Tue Feb 24 00:24:27.029 2015] 0.000 sec [ext2/2/ext 0 (0,20)] [user_core] test7
[Tue Feb 24 00:24:34.690 2015] 0.000 sec [ext2/2/ext 0 (0,20)] [user_core] test7
[Tue Feb 24 00:24:40.303 2015] 0.000 sec [ext2/2/ext 0 (0,20)] [user_core] test7
[Tue Feb 24 00:24:45.805 2015] 0.000 sec [ext2/1/ext 1 (0,20)] [user_core] test7
[Tue Feb 24 00:27:20.902 2015] 0.000 sec [ext2/4/ext 2 (0,20)] [user_core] @gender Male
[Tue Feb 24 00:27:52.141 2015] 0.000 sec [ext2/4/ext 2 (0,20)] [user_core] @gender Male @zip_code 30052
[Tue Feb 24 00:28:27.247 2015] 0.000 sec [ext2/2/ext 7 (0,4)] [user_core]
[Tue Feb 24 00:28:29.893 2015] 0.000 sec [ext2/2/ext 7 (4,4)] [user_core]
[Tue Feb 24 00:28:40.930 2015] 0.000 sec [ext2/4/ext 2 (0,20)] [user_core] @gender Male @zip_code 30052
[Tue Feb 24 00:28:51.410 2015] 0.000 sec [ext2/2/ext 7 (0,4)] [user_core]
[Tue Feb 24 00:29:12.248 2015] 0.000 sec [ext2/2/ext 7 (4,4)] [user_core]
[Tue Feb 24 00:30:28.931 2015] 0.000 sec [ext2/4/ext 2 (0,20)] [user_core] @gender Male @zip_code 30052
[Tue Feb 24 23:10:30.745 2015] 0.030 sec [ext2/3/ext 0 (0,20)] [user_core] test
[Tue Feb 24 23:10:39.271 2015] 0.000 sec [ext2/3/ext 0 (0,20)] [user_core] test
[Tue Feb 24 23:10:54.881 2015] 0.000 sec [ext2/3/ext 0 (0,20)] [user_core]
[Tue Feb 24 23:11:42.870 2015] 0.000 sec [ext2/2/ext 0 (0,20)] [user_core] programmer video games
[Tue Feb 24 23:12:08.417 2015] 0.000 sec [ext2/2/ext 0 (0,20)] [user_core]
[Tue Feb 24 23:12:17.414 2015] 0.000 sec [ext2/2/ext 0 (0,20)] [user_core]
[Tue Feb 24 23:13:14.663 2015] 0.000 sec [ext2/2/ext 0 (0,20)] [user_core] test
[Tue Feb 24 23:14:55.901 2015] 0.000 sec [ext2/1/ext 0 (0,20)] [user_core] test
[Tue Feb 24 23:15:26.495 2015] 0.000 sec [ext2/1/ext 0 (0,20)] [user_core] test
[Tue Feb 24 23:15:31.839 2015] 0.000 sec [ext2/1/ext 0 (0,20)] [user_core] test
[Tue Feb 24 23:16:00.507 2015] 0.000 sec [ext2/1/ext 0 (0,20)] [user_core] test
[Tue Feb 24 23:16:02.778 2015] 0.000 sec [ext2/1/ext 1 (0,20)] [user_core] test1
[Tue Feb 24 23:18:09.024 2015] 0.000 sec [ext2/2/ext 0 (0,20)] [user_core]
[Tue Feb 24 23:19:20.719 2015] 0.000 sec [ext2/2/ext 0 (0,20)] [user_core]
[Tue Feb 24 23:27:22.579 2015] 0.000 sec [ext2/1/ext 8 (0,20)] [user_core]
[Tue Feb 24 23:27:44.923 2015] 0.000 sec [ext2/1/ext 8 (0,20)] [user_core]
[Tue Feb 24 23:28:25.397 2015] 0.000 sec [ext2/2/ext 1 (0,20)] [user_core]
[Tue Feb 24 23:28:53.409 2015] 0.000 sec [ext2/2/ext 1 (0,20)] [user_core]
[Tue Feb 24 23:29:02.405 2015] 0.000 sec [ext2/2/ext 6 (0,20)] [user_core]
[Tue Feb 24 23:30:20.807 2015] 0.000 sec [ext2/1/ext 8 (0,4)] [user_core]
[Tue Feb 24 23:30:31.030 2015] 0.000 sec [ext2/1/ext 8 (4,4)] [user_core]
[Tue Feb 24 23:30:32.413 2015] 0.000 sec [ext2/1/ext 8 (8,4)] [user_core]
[Tue Feb 24 23:31:00.617 2015] 0.000 sec [ext2/2/ext 7 (0,4)] [user_core]
[Tue Feb 24 23:31:52.004 2015] 0.000 sec [ext2/4/ext 2 (0,20)] [user_core] @gender Female
[Tue Feb 24 23:40:35.301 2015] 0.000 sec [ext2/2/ext 7 (0,4)] [user_core]
[Tue Feb 24 23:40:39.294 2015] 0.000 sec [ext2/2/ext 7 (4,4)] [user_core]
[Tue Feb 24 23:41:53.559 2015] 0.000 sec [ext2/4/ext 2 (0,20)] [user_core] @gender Female
[Tue Feb 24 23:43:19.416 2015] 0.000 sec [ext2/4/ext 2 (0,20)] [user_core] @gender Male @religion Christian
[Tue Feb 24 23:46:27.106 2015] 0.000 sec [ext2/3/ext 0 (0,20)] [user_core] taj
[Tue Feb 24 23:54:42.469 2015] 0.000 sec [ext2/3/ext 1 (0,20)] [user_core] test7
[Wed Feb 25 00:01:33.316 2015] 0.000 sec [ext2/3/ext 1 (0,20)] [user_core] test7
[Wed Feb 25 00:08:41.087 2015] 0.000 sec [ext2/3/ext 1 (0,20)] [user_core] test7
[Wed Feb 25 00:09:10.271 2015] 0.000 sec [ext2/2/ext 7 (0,4)] [user_core]
[Wed Feb 25 00:09:29.448 2015] 0.000 sec [ext2/2/ext 7 (4,4)] [user_core]
[Wed Feb 25 00:09:46.659 2015] 0.000 sec [ext2/2/ext 7 (0,4)] [user_core]
[Wed Feb 25 00:11:08.630 2015] 0.000 sec [ext2/2/ext 7 (0,4)] [user_core]
[Wed Feb 25 00:12:51.234 2015] 0.000 sec [ext2/2/ext 7 (0,4)] [user_core]
[Wed Feb 25 00:18:52.404 2015] 0.000 sec [ext2/2/ext 7 (0,4)] [user_core]
[Wed Feb 25 00:19:37.717 2015] 0.000 sec [ext2/2/ext 7 (0,4)] [user_core]
[Wed Feb 25 00:20:10.317 2015] 0.000 sec [ext2/2/ext 7 (0,4)] [user_core]
[Wed Feb 25 00:20:28.186 2015] 0.000 sec [ext2/2/ext 7 (0,4)] [user_core]
[Wed Feb 25 00:21:48.201 2015] 0.000 sec [ext2/2/ext 7 (0,4)] [user_core]
[Wed Feb 25 00:23:06.570 2015] 0.000 sec [ext2/2/ext 7 (0,4)] [user_core]
[Wed Feb 25 00:23:26.112 2015] 0.000 sec [ext2/2/ext 7 (0,4)] [user_core]
[Wed Feb 25 00:24:29.585 2015] 0.000 sec [ext2/2/ext 7 (0,4)] [user_core]
[Wed Feb 25 00:24:33.666 2015] 0.000 sec [ext2/2/ext 7 (0,4)] [user_core]
[Wed Feb 25 00:27:39.761 2015] 0.000 sec [ext2/2/ext 7 (0,4)] [user_core]
[Wed Feb 25 00:28:24.374 2015] 0.000 sec [ext2/2/ext 7 (0,4)] [user_core]
[Wed Feb 25 00:28:46.295 2015] 0.000 sec [ext2/4/ext 0 (0,20)] [user_core] @gender Male @religion ["Christian", "Muslim"]
[Wed Feb 25 00:29:07.106 2015] 0.000 sec [ext2/4/ext 0 (0,20)] [user_core] @gender Male @religion ["Christian", "Catholic"]
[Wed Feb 25 00:45:27.150 2015] 0.000 sec [ext2/1/ext 3 (0,20)] [user_core] @religion ("Christian")
[Wed Feb 25 00:45:36.388 2015] 0.000 sec [ext2/4/ext 2 (0,20)] [user_core] @gender Male @religion Christian|Buddhist
[Wed Feb 25 00:46:46.206 2015] 0.000 sec [ext2/4/ext 2 (0,20)] [user_core] @gender Male @religion Christian|Buddhist
[Wed Feb 25 21:50:57.383 2015] 0.016 sec [ext2/1/ext 8 (0,4)] [user_core]
[Wed Feb 25 22:18:16.148 2015] 0.000 sec [ext2/1/ext 0 (0,20)] [user_core]
[Wed Feb 25 22:18:22.309 2015] 0.000 sec [ext2/1/ext 9 (0,4)] [user_core`, `user_delta]
[Wed Feb 25 22:18:48.443 2015] 0.000 sec [ext2/1/ext 0 (0,20)] [user_core]
[Wed Feb 25 22:18:53.495 2015] 0.000 sec [ext2/1/ext 10 (0,4)] [user_core`, `user_delta]
[Wed Feb 25 22:19:17.361 2015] 0.000 sec [ext2/1/ext 0 (0,20)] [user_core]
[Wed Feb 25 22:19:22.702 2015] 0.000 sec [ext2/1/ext 11 (0,4)] [user_core`, `user_delta]
[Wed Feb 25 22:19:42.396 2015] 0.000 sec [ext2/2/ext 10 (0,4)] [user_core`, `user_delta]
[Wed Feb 25 22:20:05.316 2015] 0.001 sec [ext2/4/ext 3 (0,20)] [user_core`, `user_delta] @gender Male
[Wed Feb 25 22:20:41.157 2015] 0.000 sec [ext2/4/ext 5 (0,20)] [user_core`, `user_delta] @gender Female
[Wed Feb 25 22:25:00.915 2015] 0.000 sec [ext2/3/ext 5 (0,20)] [user_core`, `user_delta] 30052
[Wed Feb 25 22:26:06.663 2015] 0.000 sec [ext2/4/ext 5 (0,20)] [user_core`, `user_delta] @gender Female
[Wed Feb 25 22:29:25.413 2015] 0.000 sec [ext2/1/ext 11 (0,4)] [user_core`, `user_delta]
[Wed Feb 25 22:30:07.147 2015] 0.000 sec [ext2/1/ext 0 (0,20)] [user_core]
[Wed Feb 25 22:30:12.659 2015] 0.000 sec [ext2/1/ext 12 (0,4)] [user_core`, `user_delta]
[Wed Feb 25 22:30:35.028 2015] 0.000 sec [ext2/1/ext 0 (0,20)] [user_core]
[Wed Feb 25 22:30:40.540 2015] 0.000 sec [ext2/1/ext 13 (0,4)] [user_core`, `user_delta]
[Wed Feb 25 22:31:03.541 2015] 0.000 sec [ext2/1/ext 0 (0,20)] [user_core]
[Wed Feb 25 22:31:08.954 2015] 0.000 sec [ext2/1/ext 14 (0,4)] [user_core`, `user_delta]
[Wed Feb 25 22:31:35.142 2015] 0.000 sec [ext2/4/ext 8 (0,20)] [user_core`, `user_delta] @gender Female
[Wed Feb 25 22:39:56.608 2015] 0.000 sec [ext2/2/ext 13 (0,4)] [user_core`, `user_delta]
[Wed Feb 25 22:40:19.041 2015] 0.000 sec [ext2/2/ext 13 (0,4)] [user_core`, `user_delta]
[Wed Feb 25 22:40:40.692 2015] 0.000 sec [ext2/1/ext 0 (0,20)] [user_core]
[Wed Feb 25 22:40:57.356 2015] 0.000 sec [ext2/1/ext 0 (0,20)] [user_core]
[Wed Feb 25 22:41:18.174 2015] 0.000 sec [ext2/1/ext 14 (0,4)] [user_core`, `user_delta]
[Wed Feb 25 22:41:29.714 2015] 0.000 sec [ext2/2/ext 13 (0,4)] [user_core`, `user_delta]
[Wed Feb 25 22:41:44.652 2015] 0.000 sec [ext2/1/ext 0 (0,20)] [user_core]
[Wed Feb 25 22:41:57.393 2015] 0.000 sec [ext2/1/ext 14 (0,4)] [user_core`, `user_delta]
[Wed Feb 25 22:42:11.588 2015] 0.000 sec [ext2/2/ext 13 (0,4)] [user_core`, `user_delta]
[Wed Feb 25 22:42:27.611 2015] 0.000 sec [ext2/1/ext 0 (0,20)] [user_core]
[Wed Feb 25 22:43:16.947 2015] 0.000 sec [ext2/4/ext 2 (0,20)] [user_core`, `user_delta] @gender Female @ethnicity Black
[Wed Feb 25 22:43:40.844 2015] 0.000 sec [ext2/4/ext 1 (0,20)] [user_core`, `user_delta] @gender Female @ethnicity Biracial
[Wed Feb 25 22:43:59.230 2015] 0.000 sec [ext2/1/ext 0 (0,20)] [user_core]
[Wed Feb 25 22:44:19.723 2015] 0.000 sec [ext2/4/ext 0 (0,20)] [user_core`, `user_delta] @gender Male @religion Muslim
[Wed Feb 25 22:44:30.976 2015] 0.000 sec [ext2/4/ext 1 (0,20)] [user_core`, `user_delta] @gender Female @religion Muslim
[Wed Feb 25 22:47:22.473 2015] 0.001 sec [ext2/4/ext 2 (0,20)] [user_core`, `user_delta] @gender Female @ethnicity Black
[Wed Feb 25 22:47:40.064 2015] 0.000 sec [ext2/4/ext 0 (0,20)] [user_core`, `user_delta] @gender Female @ethnicity Black @religion Muslim
[Wed Feb 25 22:47:54.440 2015] 0.000 sec [ext2/4/ext 1 (0,20)] [user_core`, `user_delta] @gender Female @ethnicity Biracial @religion Muslim
[Wed Feb 25 23:04:12.820 2015] 0.000 sec [ext2/4/ext 8 (0,20)] [user_core`, `user_delta] @gender Female
[Wed Feb 25 23:09:11.009 2015] 0.000 sec [ext2/4/ext 2 (0,20)] [user_core`, `user_delta] @gender Female @ethnicity Black
[Wed Feb 25 23:10:59.918 2015] 0.000 sec [ext2/4/ext 1 (0,20)] [user_core`, `user_delta] @gender Female @ethnicity Biracial @religion Muslim
[Sun Mar  1 09:46:35.526 2015] 0.007 sec [ext2/1/ext 14 (0,4)] [user_core`, `user_delta]
[Sun Mar  1 10:18:41.266 2015] 0.000 sec [ext2/1/ext 14 (0,4)] [user_core`, `user_delta]
[Sun Mar  1 10:19:59.820 2015] 0.000 sec [ext2/1/ext 14 (0,4)] [user_core`, `user_delta]
[Sun Mar  1 10:21:32.466 2015] 0.000 sec [ext2/1/ext 14 (0,4)] [user_core`, `user_delta]
[Sun Mar  1 10:26:03.500 2015] 0.000 sec [ext2/1/ext 14 (0,4)] [user_core`, `user_delta]
[Sun Mar  1 10:26:52.951 2015] 0.000 sec [ext2/1/ext 14 (0,4)] [user_core`, `user_delta]
[Sun Mar  1 10:32:06.686 2015] 0.000 sec [ext2/1/ext 14 (0,4)] [user_core`, `user_delta]
[Sun Mar  1 10:33:29.488 2015] 0.000 sec [ext2/1/ext 14 (0,4)] [user_core`, `user_delta]
[Mon Mar  2 10:42:44.039 2015] 0.016 sec [ext2/1/ext 14 (0,4)] [user_core`, `user_delta]
[Mon Mar  2 10:43:02.046 2015] 0.000 sec [ext2/1/ext 14 (4,4)] [user_core`, `user_delta]
[Mon Mar  2 21:51:20.911 2015] 0.016 sec [ext2/1/ext 14 (0,4)] [user_core`, `user_delta]
[Mon Mar  2 21:52:36.071 2015] 0.000 sec [ext2/1/ext 14 (4,4)] [user_core`, `user_delta]
[Mon Mar  2 21:52:38.229 2015] 0.000 sec [ext2/1/ext 14 (8,4)] [user_core`, `user_delta]
[Mon Mar  2 21:52:42.379 2015] 0.000 sec [ext2/1/ext 14 (12,4)] [user_core`, `user_delta]
[Mon Mar  2 21:54:25.391 2015] 0.000 sec [ext2/2/ext 13 (0,4)] [user_core`, `user_delta]
[Mon Mar  2 21:56:53.638 2015] 0.000 sec [ext2/1/ext 1 (0,20)] [user_core]
[Mon Mar  2 21:57:03.971 2015] 0.000 sec [ext2/1/ext 1 (0,20)] [user_core]
[Tue Mar  3 00:58:08.616 2015] 0.000 sec [ext2/1/ext 13 (0,4)] [user_core`, `user_delta]
[Tue Mar  3 01:04:01.723 2015] 0.000 sec [ext2/2/ext 12 (0,4)] [user_core`, `user_delta]
[Tue Mar  3 01:10:32.451 2015] 0.000 sec [ext2/2/ext 13 (0,4)] [user_core`, `user_delta]
[Tue Mar  3 01:12:50.012 2015] 0.000 sec [ext2/1/ext 1 (0,20)] [user_core]
[Tue Mar  3 01:23:37.739 2015] 0.000 sec [ext2/2/ext 13 (0,4)] [user_core`, `user_delta]
[Tue Mar  3 01:23:45.769 2015] 0.000 sec [ext2/2/ext 13 (4,4)] [user_core`, `user_delta]
[Tue Mar  3 22:14:51.284 2015] 0.016 sec [ext2/1/ext 14 (0,4)] [user_core`, `user_delta]
[Tue Mar  3 22:15:24.374 2015] 0.000 sec [ext2/2/ext 13 (0,4)] [user_core`, `user_delta]
[Wed Mar  4 01:40:20.008 2015] 0.017 sec [ext2/1/ext 14 (0,4)] [user_core`, `user_delta]
[Wed Mar  4 01:40:57.422 2015] 0.000 sec [ext2/1/ext 14 (0,4)] [user_core`, `user_delta]
[Wed Mar  4 01:42:26.343 2015] 0.000 sec [ext2/1/ext 14 (0,4)] [user_core`, `user_delta]
[Wed Mar  4 01:43:47.683 2015] 0.000 sec [ext2/1/ext 14 (0,4)] [user_core`, `user_delta]
[Wed Mar  4 01:44:31.158 2015] 0.000 sec [ext2/1/ext 14 (0,4)] [user_core`, `user_delta]
[Wed Mar  4 01:45:07.764 2015] 0.000 sec [ext2/1/ext 14 (0,4)] [user_core`, `user_delta]
[Wed Mar  4 01:47:25.997 2015] 0.000 sec [ext2/1/ext 14 (0,4)] [user_core`, `user_delta]
[Wed Mar  4 01:48:22.894 2015] 0.000 sec [ext2/1/ext 14 (0,4)] [user_core`, `user_delta]
[Wed Mar  4 01:49:06.977 2015] 0.000 sec [ext2/1/ext 14 (0,4)] [user_core`, `user_delta]
[Wed Mar  4 01:49:09.984 2015] 0.000 sec [ext2/1/ext 14 (0,4)] [user_core`, `user_delta]
[Wed Mar  4 01:50:09.949 2015] 0.000 sec [ext2/1/ext 14 (0,4)] [user_core`, `user_delta]
[Wed Mar  4 01:50:42.077 2015] 0.000 sec [ext2/1/ext 14 (0,4)] [user_core`, `user_delta]
[Wed Mar  4 01:50:45.086 2015] 0.000 sec [ext2/1/ext 14 (0,4)] [user_core`, `user_delta]
[Wed Mar  4 01:54:34.882 2015] 0.000 sec [ext2/1/ext 14 (0,4)] [user_core`, `user_delta]
[Wed Mar  4 01:54:48.958 2015] 0.000 sec [ext2/1/ext 14 (4,4)] [user_core`, `user_delta]
[Wed Mar  4 01:55:20.114 2015] 0.000 sec [ext2/1/ext 14 (0,4)] [user_core`, `user_delta]
[Wed Mar  4 01:55:45.954 2015] 0.000 sec [ext2/1/ext 14 (0,4)] [user_core`, `user_delta]
[Wed Mar  4 01:56:52.714 2015] 0.000 sec [ext2/1/ext 14 (0,4)] [user_core`, `user_delta]
[Wed Mar  4 01:56:58.450 2015] 0.000 sec [ext2/1/ext 14 (0,4)] [user_core`, `user_delta]
[Wed Mar  4 01:57:01.773 2015] 0.000 sec [ext2/1/ext 14 (0,4)] [user_core`, `user_delta]
[Wed Mar  4 01:57:54.491 2015] 0.000 sec [ext2/1/ext 14 (0,4)] [user_core`, `user_delta]
[Wed Mar  4 01:58:05.607 2015] 0.000 sec [ext2/1/ext 14 (0,4)] [user_core`, `user_delta]
[Wed Mar  4 01:58:06.567 2015] 0.000 sec [ext2/1/ext 14 (0,4)] [user_core`, `user_delta]
[Wed Mar  4 01:58:22.641 2015] 0.000 sec [ext2/1/ext 14 (0,4)] [user_core`, `user_delta]
[Wed Mar  4 01:58:54.960 2015] 0.000 sec [ext2/1/ext 14 (0,4)] [user_core`, `user_delta]
[Wed Mar  4 01:59:25.592 2015] 0.000 sec [ext2/1/ext 14 (0,4)] [user_core`, `user_delta]
[Wed Mar  4 02:01:14.209 2015] 0.000 sec [ext2/1/ext 14 (0,4)] [user_core`, `user_delta]
[Wed Mar  4 02:02:08.633 2015] 0.000 sec [ext2/1/ext 14 (0,4)] [user_core`, `user_delta]
[Wed Mar  4 02:02:56.555 2015] 0.000 sec [ext2/1/ext 14 (0,4)] [user_core`, `user_delta]
[Wed Mar  4 02:04:05.330 2015] 0.000 sec [ext2/1/ext 14 (0,4)] [user_core`, `user_delta]
[Wed Mar  4 02:05:03.119 2015] 0.000 sec [ext2/2/ext 13 (0,4)] [user_core`, `user_delta]
[Wed Mar  4 02:05:09.443 2015] 0.000 sec [ext2/2/ext 13 (4,4)] [user_core`, `user_delta]
[Wed Mar  4 02:09:35.830 2015] 0.000 sec [ext2/2/ext 13 (0,4)] [user_core`, `user_delta]
[Wed Mar  4 02:10:43.540 2015] 0.000 sec [ext2/2/ext 13 (0,4)] [user_core`, `user_delta]
[Wed Mar  4 02:10:54.000 2015] 0.000 sec [ext2/2/ext 13 (0,4)] [user_core`, `user_delta]
[Wed Mar  4 02:11:18.451 2015] 0.000 sec [ext2/2/ext 13 (0,4)] [user_core`, `user_delta]
[Wed Mar  4 02:11:28.076 2015] 0.000 sec [ext2/2/ext 13 (0,4)] [user_core`, `user_delta]
[Wed Mar  4 02:11:34.775 2015] 0.000 sec [ext2/2/ext 13 (0,4)] [user_core`, `user_delta]
[Wed Mar  4 02:11:49.179 2015] 0.000 sec [ext2/2/ext 13 (0,4)] [user_core`, `user_delta]
[Wed Mar  4 02:12:49.417 2015] 0.000 sec [ext2/2/ext 13 (0,4)] [user_core`, `user_delta]
[Wed Mar  4 02:12:49.613 2015] 0.000 sec [ext2/2/ext 13 (0,4)] [user_core`, `user_delta]
[Wed Mar  4 02:13:08.025 2015] 0.000 sec [ext2/2/ext 13 (0,4)] [user_core`, `user_delta]
[Wed Mar  4 02:13:28.737 2015] 0.000 sec [ext2/2/ext 13 (0,4)] [user_core`, `user_delta]
[Wed Mar  4 02:15:06.277 2015] 0.000 sec [ext2/2/ext 13 (0,4)] [user_core`, `user_delta]
[Wed Mar  4 02:16:35.564 2015] 0.000 sec [ext2/2/ext 13 (0,4)] [user_core`, `user_delta]
[Wed Mar  4 08:36:18.981 2015] 0.016 sec [ext2/2/ext 13 (0,4)] [user_core`, `user_delta]
[Wed Mar  4 08:36:20.622 2015] 0.000 sec [ext2/2/ext 13 (0,4)] [user_core`, `user_delta]
[Wed Mar  4 08:37:14.559 2015] 0.000 sec [ext2/2/ext 13 (0,4)] [user_core`, `user_delta]
[Wed Mar  4 08:37:32.720 2015] 0.000 sec [ext2/2/ext 13 (0,4)] [user_core`, `user_delta]
[Wed Mar  4 08:43:19.309 2015] 0.000 sec [ext2/2/ext 13 (0,4)] [user_core`, `user_delta]
[Wed Mar  4 08:46:48.458 2015] 0.000 sec [ext2/2/ext 13 (0,4)] [user_core`, `user_delta]
[Wed Mar  4 08:47:31.818 2015] 0.000 sec [ext2/2/ext 13 (0,4)] [user_core`, `user_delta]
[Wed Mar  4 08:47:39.645 2015] 0.000 sec [ext2/2/ext 13 (4,4)] [user_core`, `user_delta]
[Wed Mar  4 08:53:22.762 2015] 0.000 sec [ext2/2/ext 13 (0,4)] [user_core`, `user_delta]
[Wed Mar  4 08:53:22.974 2015] 0.000 sec [ext2/2/ext 13 (0,4)] [user_core`, `user_delta]
[Wed Mar  4 08:57:01.278 2015] 0.000 sec [ext2/2/ext 13 (0,4)] [user_core`, `user_delta]
[Wed Mar  4 09:37:28.754 2015] 0.000 sec [ext2/2/ext 13 (0,4)] [user_core`, `user_delta]
[Wed Mar  4 09:45:15.553 2015] 0.000 sec [ext2/3/ext 11 (0,20)] [user_core`, `user_delta]
[Wed Mar  4 09:46:41.950 2015] 0.000 sec [ext2/3/ext 11 (0,5)] [user_core`, `user_delta]
[Wed Mar  4 09:47:44.865 2015] 0.000 sec [ext2/2/ext 13 (0,4)] [user_core`, `user_delta]
[Wed Mar  4 09:48:55.935 2015] 0.000 sec [ext2/2/ext 13 (0,4)] [user_core`, `user_delta]
[Wed Mar  4 09:48:56.123 2015] 0.000 sec [ext2/2/ext 13 (0,4)] [user_core`, `user_delta]
[Wed Mar  4 09:49:11.454 2015] 0.000 sec [ext2/3/ext 11 (0,5)] [user_core`, `user_delta]
[Wed Mar  4 09:49:21.246 2015] 0.000 sec [ext2/3/ext 11 (0,20)] [user_core`, `user_delta]
[Wed Mar  4 09:50:09.322 2015] 0.000 sec [ext2/3/ext 11 (0,5)] [user_core`, `user_delta]
[Wed Mar  4 09:50:19.974 2015] 0.000 sec [ext2/3/ext 11 (0,5)] [user_core`, `user_delta]
[Wed Mar  4 09:50:41.970 2015] 0.000 sec [ext2/3/ext 11 (0,5)] [user_core`, `user_delta]
[Wed Mar  4 09:51:07.555 2015] 0.000 sec [ext2/3/ext 11 (0,20)] [user_core`, `user_delta]
[Wed Mar  4 09:51:29.942 2015] 0.000 sec [ext2/3/ext 11 (0,5)] [user_core`, `user_delta]
[Wed Mar  4 09:53:02.552 2015] 0.000 sec [ext2/4/ext 1 (0,5)] [user_core`, `user_delta]
[Wed Mar  4 23:28:34.569 2015] 0.016 sec [ext2/1/ext 14 (0,4)] [user_core`, `user_delta]
[Thu Mar  5 01:11:14.759 2015] 0.000 sec [ext2/1/ext 14 (0,4)] [user_core`, `user_delta]
[Thu Mar  5 01:11:33.216 2015] 0.000 sec [ext2/2/ext 13 (0,4)] [user_core`, `user_delta]
[Thu Mar  5 01:24:22.388 2015] 0.000 sec [ext2/4/ext 1 (0,20)] [user_core`, `user_delta]
[Thu Mar  5 01:25:11.583 2015] 0.000 sec [ext2/4/ext 1 (0,20)] [user_core`, `user_delta]
[Thu Mar  5 01:26:28.534 2015] 0.000 sec [ext2/4/ext 1 (0,20)] [user_core`, `user_delta]
[Thu Mar  5 01:27:05.997 2015] 0.000 sec [ext2/4/ext 1 (0,20)] [user_core`, `user_delta]
[Thu Mar  5 01:28:23.552 2015] 0.000 sec [ext2/4/ext 2 (0,20)] [user_core`, `user_delta]
[Thu Mar  5 01:28:46.984 2015] 0.000 sec [ext2/4/ext 2 (0,20)] [user_core`, `user_delta]
[Thu Mar  5 01:30:05.764 2015] 0.000 sec [ext2/4/ext 2 (0,20)] [user_core`, `user_delta]
[Thu Mar  5 01:30:42.904 2015] 0.000 sec [ext2/4/ext 2 (0,20)] [user_core`, `user_delta]
[Thu Mar  5 01:31:10.577 2015] 0.000 sec [ext2/4/ext 2 (0,20)] [user_core`, `user_delta]
[Thu Mar  5 01:31:38.359 2015] 0.000 sec [ext2/4/ext 2 (0,20)] [user_core`, `user_delta]
[Thu Mar  5 01:32:45.473 2015] 0.000 sec [ext2/4/ext 2 (0,20)] [user_core`, `user_delta]
[Thu Mar  5 01:35:46.878 2015] 0.000 sec [ext2/4/ext 2 (0,20)] [user_core`, `user_delta]
[Thu Mar  5 01:39:52.508 2015] 0.000 sec [ext2/4/ext 2 (0,20)] [user_core`, `user_delta]
[Thu Mar  5 01:46:54.681 2015] 0.000 sec [ext2/4/ext 2 (0,20)] [user_core`, `user_delta]
[Thu Mar  5 01:47:32.535 2015] 0.000 sec [ext2/4/ext 2 (0,20)] [user_core`, `user_delta]
[Thu Mar  5 01:47:46.008 2015] 0.000 sec [ext2/4/ext 2 (0,20)] [user_core`, `user_delta]
[Thu Mar  5 01:48:59.181 2015] 0.000 sec [ext2/4/ext 2 (0,20)] [user_core`, `user_delta]
[Thu Mar  5 01:49:57.373 2015] 0.000 sec [ext2/4/ext 2 (0,20)] [user_core`, `user_delta]
[Thu Mar  5 01:52:51.243 2015] 0.000 sec [ext2/4/ext 2 (0,20)] [user_core`, `user_delta]
[Thu Mar  5 01:53:06.513 2015] 0.000 sec [ext2/4/ext 2 (0,20)] [user_core`, `user_delta]
[Thu Mar  5 01:53:40.418 2015] 0.000 sec [ext2/4/ext 2 (0,20)] [user_core`, `user_delta]
[Thu Mar  5 01:56:52.127 2015] 0.000 sec [ext2/4/ext 2 (0,20)] [user_core`, `user_delta]
[Thu Mar  5 02:00:46.223 2015] 0.000 sec [ext2/4/ext 2 (0,20)] [user_core`, `user_delta]
[Thu Mar  5 02:11:28.694 2015] 0.000 sec [ext2/4/ext 2 (0,20)] [user_core`, `user_delta]
[Thu Mar  5 02:11:33.459 2015] 0.000 sec [ext2/4/ext 2 (0,20)] [user_core`, `user_delta]
[Thu Mar  5 02:12:12.671 2015] 0.000 sec [ext2/4/ext 2 (0,20)] [user_core`, `user_delta]
[Thu Mar  5 02:12:16.632 2015] 0.000 sec [ext2/4/ext 2 (0,20)] [user_core`, `user_delta]
[Thu Mar  5 02:13:09.238 2015] 0.000 sec [ext2/4/ext 3 (0,20)] [user_core`, `user_delta]
[Thu Mar  5 02:13:18.840 2015] 0.000 sec [ext2/4/ext 3 (0,20)] [user_core`, `user_delta]
[Thu Mar  5 02:15:25.885 2015] 0.000 sec [ext2/4/ext 3 (0,20)] [user_core`, `user_delta]
[Thu Mar  5 02:15:52.775 2015] 0.000 sec [ext2/4/ext 3 (0,20)] [user_core`, `user_delta]
[Thu Mar  5 02:18:06.798 2015] 0.000 sec [ext2/4/ext 3 (0,20)] [user_core`, `user_delta]
[Thu Mar  5 02:20:02.066 2015] 0.000 sec [ext2/4/ext 3 (0,20)] [user_core`, `user_delta]
[Thu Mar  5 02:20:22.089 2015] 0.000 sec [ext2/4/ext 3 (0,20)] [user_core`, `user_delta]
[Thu Mar  5 02:22:08.238 2015] 0.000 sec [ext2/4/ext 3 (0,20)] [user_core`, `user_delta]
[Thu Mar  5 23:45:27.582 2015] 0.015 sec [ext2/1/ext 14 (0,4)] [user_core`, `user_delta]
[Thu Mar  5 23:46:09.183 2015] 0.000 sec [ext2/2/ext 13 (0,4)] [user_core`, `user_delta]
[Thu Mar  5 23:46:22.754 2015] 0.000 sec [ext2/4/ext 1 (0,20)] [user_core`, `user_delta]
[Thu Mar  5 23:46:41.048 2015] 0.000 sec [ext2/1/ext 14 (0,4)] [user_core`, `user_delta]
[Thu Mar  5 23:46:54.961 2015] 0.000 sec [ext2/2/ext 13 (0,4)] [user_core`, `user_delta]
[Thu Mar  5 23:49:47.947 2015] 0.000 sec [ext2/2/ext 13 (0,4)] [user_core`, `user_delta]
[Fri Mar  6 00:06:50.571 2015] 0.000 sec [ext2/2/ext 13 (0,4)] [user_core`, `user_delta]
[Fri Mar  6 00:28:17.903 2015] 0.000 sec [ext2/2/ext 13 (0,4)] [user_core`, `user_delta]
[Fri Mar  6 00:28:35.661 2015] 0.000 sec [ext2/2/ext 13 (0,4)] [user_core`, `user_delta]
[Fri Mar  6 00:32:30.402 2015] 0.000 sec [ext2/2/ext 13 (0,4)] [user_core`, `user_delta]
[Fri Mar  6 00:34:02.465 2015] 0.000 sec [ext2/2/ext 13 (0,4)] [user_core`, `user_delta]
[Fri Mar  6 00:35:12.137 2015] 0.000 sec [ext2/2/ext 13 (0,4)] [user_core`, `user_delta]
[Fri Mar  6 00:37:47.148 2015] 0.000 sec [ext2/2/ext 13 (0,4)] [user_core`, `user_delta]
[Fri Mar  6 00:42:52.021 2015] 0.000 sec [ext2/2/ext 13 (0,4)] [user_core`, `user_delta]
[Fri Mar  6 00:44:04.941 2015] 0.000 sec [ext2/2/ext 13 (0,4)] [user_core`, `user_delta]
[Fri Mar  6 00:46:31.669 2015] 0.000 sec [ext2/2/ext 13 (0,4)] [user_core`, `user_delta]
[Fri Mar  6 00:49:12.011 2015] 0.000 sec [ext2/2/ext 13 (0,4)] [user_core`, `user_delta]
[Fri Mar  6 00:51:43.243 2015] 0.000 sec [ext2/2/ext 13 (0,4)] [user_core`, `user_delta]
[Fri Mar  6 00:54:11.734 2015] 0.000 sec [ext2/2/ext 13 (0,4)] [user_core`, `user_delta]
[Fri Mar  6 00:54:57.113 2015] 0.000 sec [ext2/2/ext 13 (0,4)] [user_core`, `user_delta]
[Fri Mar  6 00:55:31.210 2015] 0.000 sec [ext2/2/ext 13 (0,4)] [user_core`, `user_delta]
[Fri Mar  6 00:55:38.175 2015] 0.000 sec [ext2/2/ext 13 (0,4)] [user_core`, `user_delta]
[Fri Mar  6 00:55:50.831 2015] 0.000 sec [ext2/2/ext 13 (0,4)] [user_core`, `user_delta]
[Fri Mar  6 00:55:59.224 2015] 0.000 sec [ext2/2/ext 13 (0,4)] [user_core`, `user_delta]
[Fri Mar  6 00:56:09.948 2015] 0.000 sec [ext2/2/ext 13 (0,4)] [user_core`, `user_delta]
[Fri Mar  6 00:56:52.512 2015] 0.000 sec [ext2/2/ext 13 (0,4)] [user_core`, `user_delta]
[Fri Mar  6 00:57:17.040 2015] 0.000 sec [ext2/2/ext 13 (0,4)] [user_core`, `user_delta]
[Fri Mar  6 01:00:20.576 2015] 0.000 sec [ext2/2/ext 13 (0,4)] [user_core`, `user_delta]
[Fri Mar  6 01:01:33.276 2015] 0.000 sec [ext2/2/ext 13 (0,4)] [user_core`, `user_delta]
[Fri Mar  6 01:02:27.947 2015] 0.000 sec [ext2/2/ext 13 (0,4)] [user_core`, `user_delta]
[Fri Mar  6 01:04:09.527 2015] 0.000 sec [ext2/2/ext 13 (0,4)] [user_core`, `user_delta]
[Fri Mar  6 01:05:30.230 2015] 0.000 sec [ext2/2/ext 13 (0,4)] [user_core`, `user_delta]
[Fri Mar  6 01:07:02.970 2015] 0.000 sec [ext2/2/ext 13 (0,4)] [user_core`, `user_delta]
[Fri Mar  6 01:07:18.900 2015] 0.000 sec [ext2/2/ext 13 (0,4)] [user_core`, `user_delta]
[Fri Mar  6 01:07:37.537 2015] 0.000 sec [ext2/2/ext 13 (0,4)] [user_core`, `user_delta]
[Fri Mar  6 01:09:51.315 2015] 0.000 sec [ext2/2/ext 13 (0,4)] [user_core`, `user_delta]
[Fri Mar  6 01:13:04.619 2015] 0.000 sec [ext2/2/ext 13 (0,4)] [user_core`, `user_delta]
[Fri Mar  6 01:15:07.402 2015] 0.000 sec [ext2/2/ext 13 (0,4)] [user_core`, `user_delta]
[Fri Mar  6 01:15:11.804 2015] 0.000 sec [ext2/2/ext 13 (0,4)] [user_core`, `user_delta]
[Fri Mar  6 01:16:01.849 2015] 0.000 sec [ext2/2/ext 13 (0,4)] [user_core`, `user_delta]
[Fri Mar  6 01:19:21.163 2015] 0.000 sec [ext2/2/ext 13 (0,4)] [user_core`, `user_delta]
[Fri Mar  6 01:21:34.162 2015] 0.000 sec [ext2/2/ext 13 (0,4)] [user_core`, `user_delta]
[Fri Mar  6 01:27:21.424 2015] 0.000 sec [ext2/2/ext 13 (0,4)] [user_core`, `user_delta]
[Fri Mar  6 01:29:26.052 2015] 0.000 sec [ext2/2/ext 13 (0,4)] [user_core`, `user_delta]
[Fri Mar  6 01:29:40.336 2015] 0.000 sec [ext2/2/ext 13 (0,4)] [user_core`, `user_delta]
[Fri Mar  6 01:30:13.941 2015] 0.000 sec [ext2/2/ext 13 (0,4)] [user_core`, `user_delta]
[Fri Mar  6 01:32:24.739 2015] 0.000 sec [ext2/2/ext 13 (0,4)] [user_core`, `user_delta]
[Fri Mar  6 01:33:42.942 2015] 0.000 sec [ext2/2/ext 13 (0,4)] [user_core`, `user_delta]
[Fri Mar  6 01:35:10.697 2015] 0.000 sec [ext2/2/ext 13 (0,4)] [user_core`, `user_delta]
[Fri Mar  6 01:35:41.423 2015] 0.000 sec [ext2/2/ext 13 (0,4)] [user_core`, `user_delta]
[Fri Mar  6 01:35:57.593 2015] 0.000 sec [ext2/2/ext 13 (0,4)] [user_core`, `user_delta]
[Fri Mar  6 01:37:22.854 2015] 0.000 sec [ext2/2/ext 13 (0,4)] [user_core`, `user_delta]
[Fri Mar  6 01:38:28.162 2015] 0.000 sec [ext2/2/ext 13 (0,4)] [user_core`, `user_delta]
[Fri Mar  6 01:38:40.373 2015] 0.000 sec [ext2/2/ext 13 (0,4)] [user_core`, `user_delta]
[Fri Mar  6 01:38:53.322 2015] 0.000 sec [ext2/2/ext 13 (0,4)] [user_core`, `user_delta]
[Fri Mar  6 01:39:07.424 2015] 0.000 sec [ext2/2/ext 13 (0,4)] [user_core`, `user_delta]
[Fri Mar  6 01:40:21.953 2015] 0.000 sec [ext2/2/ext 13 (0,4)] [user_core`, `user_delta]
[Fri Mar  6 01:40:36.006 2015] 0.000 sec [ext2/2/ext 13 (0,4)] [user_core`, `user_delta]
[Fri Mar  6 01:40:42.245 2015] 0.000 sec [ext2/2/ext 13 (0,4)] [user_core`, `user_delta]
[Fri Mar  6 01:41:24.303 2015] 0.000 sec [ext2/2/ext 13 (0,4)] [user_core`, `user_delta]
[Fri Mar  6 01:41:31.264 2015] 0.000 sec [ext2/2/ext 13 (0,4)] [user_core`, `user_delta]
[Fri Mar  6 01:41:42.150 2015] 0.000 sec [ext2/2/ext 13 (0,4)] [user_core`, `user_delta]
[Fri Mar  6 01:42:02.664 2015] 0.000 sec [ext2/2/ext 13 (0,4)] [user_core`, `user_delta]
[Fri Mar  6 01:44:00.029 2015] 0.000 sec [ext2/2/ext 13 (0,4)] [user_core`, `user_delta]
[Fri Mar  6 01:48:20.684 2015] 0.000 sec [ext2/2/ext 13 (0,4)] [user_core`, `user_delta]
[Fri Mar  6 01:48:25.776 2015] 0.000 sec [ext2/2/ext 13 (0,4)] [user_core`, `user_delta]
[Fri Mar  6 01:49:07.919 2015] 0.000 sec [ext2/2/ext 13 (0,4)] [user_core`, `user_delta]
[Fri Mar  6 01:49:13.147 2015] 0.000 sec [ext2/2/ext 13 (0,4)] [user_core`, `user_delta]
[Fri Mar  6 01:50:29.689 2015] 0.000 sec [ext2/2/ext 13 (0,4)] [user_core`, `user_delta]
[Fri Mar  6 01:50:42.402 2015] 0.000 sec [ext2/2/ext 13 (0,4)] [user_core`, `user_delta]
[Fri Mar  6 01:52:58.846 2015] 0.000 sec [ext2/2/ext 13 (0,4)] [user_core`, `user_delta]
[Fri Mar  6 01:54:01.892 2015] 0.000 sec [ext2/2/ext 13 (0,4)] [user_core`, `user_delta]
[Fri Mar  6 01:54:54.090 2015] 0.000 sec [ext2/2/ext 13 (0,4)] [user_core`, `user_delta]
[Fri Mar  6 01:55:03.879 2015] 0.000 sec [ext2/2/ext 13 (0,4)] [user_core`, `user_delta]
[Fri Mar  6 01:56:45.971 2015] 0.000 sec [ext2/2/ext 13 (0,4)] [user_core`, `user_delta]
[Fri Mar  6 01:57:15.663 2015] 0.000 sec [ext2/2/ext 13 (0,4)] [user_core`, `user_delta]
[Fri Mar  6 02:01:04.899 2015] 0.000 sec [ext2/2/ext 13 (0,4)] [user_core`, `user_delta]
[Fri Mar  6 02:01:37.985 2015] 0.000 sec [ext2/2/ext 13 (0,4)] [user_core`, `user_delta]
[Fri Mar  6 02:01:58.343 2015] 0.000 sec [ext2/4/ext 0 (0,20)] [user_core`, `user_delta] @gender Male @religion Agnostic|Atheist|Christian @children I want kids now
[Fri Mar  6 02:02:20.266 2015] 0.000 sec [ext2/4/ext 0 (0,20)] [user_core`, `user_delta] @gender Male @religion Agnostic|Atheist
[Fri Mar  6 02:06:03.158 2015] 0.000 sec [ext2/4/ext 0 (0,20)] [user_core`, `user_delta] @gender Male @religion Agnostic|Atheist
[Fri Mar  6 02:06:34.657 2015] 0.000 sec [ext2/4/ext 0 (0,20)] [user_core`, `user_delta] @gender Male @religion Agnostic|Atheist
[Fri Mar  6 02:14:02.999 2015] 0.000 sec [ext2/4/ext 0 (0,20)] [user_core`, `user_delta] @gender Male @religion Agnostic|Atheist
[Fri Mar  6 02:14:11.592 2015] 0.000 sec [ext2/4/ext 0 (0,20)] [user_core`, `user_delta] @gender Male @religion Agnostic|Atheist
[Fri Mar  6 02:14:53.186 2015] 0.000 sec [ext2/4/ext 0 (0,20)] [user_core`, `user_delta] @gender Male @religion Agnostic|Atheist
[Fri Mar  6 02:15:47.079 2015] 0.000 sec [ext2/3/ext 5 (0,20)] [user_core`, `user_delta] 30052, | Female, | Christian, | 18-25
[Mon Mar  9 21:50:03.293 2015] 0.007 sec [ext2/1/ext 14 (0,4)] [user_core`, `user_delta]
[Mon Mar  9 21:50:05.869 2015] 0.000 sec [ext2/1/ext 14 (0,4)] [user_core`, `user_delta]
[Mon Mar  9 22:02:38.514 2015] 0.000 sec [ext2/1/ext 14 (0,4)] [user_core`, `user_delta]
[Mon Mar  9 22:02:56.847 2015] 0.000 sec [ext2/1/ext 14 (4,4)] [user_core`, `user_delta]
[Mon Mar  9 22:06:39.156 2015] 0.000 sec [ext2/1/ext 14 (0,4)] [user_core`, `user_delta]
[Mon Mar  9 22:06:42.579 2015] 0.000 sec [ext2/1/ext 14 (0,4)] [user_core]
[Mon Mar  9 22:07:15.489 2015] 0.000 sec [ext2/1/ext 14 (0,4)] [user_core]
[Mon Mar  9 22:07:29.182 2015] 0.000 sec [ext2/1/ext 14 (4,4)] [user_core]
[Mon Mar  9 22:08:28.347 2015] 0.000 sec [ext2/1/ext 14 (0,4)] [user_core`, `user_delta]
[Mon Mar  9 22:21:33.202 2015] 0.000 sec [ext2/1/ext 14 (0,4)] [user_core`, `user_delta]
[Mon Mar  9 22:24:27.772 2015] 0.000 sec [ext2/1/ext 14 (0,4)] [user_core`, `user_delta]
[Mon Mar  9 22:27:31.215 2015] 0.000 sec [ext2/1/ext 14 (0,4)] [user_core`, `user_delta]
[Mon Mar  9 22:28:51.740 2015] 0.000 sec [ext2/2/ext 13 (0,4)] [user_core`, `user_delta]
[Mon Mar  9 22:34:08.016 2015] 0.000 sec [ext2/2/ext 13 (0,4)] [user_core`, `user_delta]
[Mon Mar  9 22:41:30.359 2015] 0.000 sec [ext2/2/ext 13 (0,4)] [user_core`, `user_delta]
[Mon Mar  9 22:43:37.888 2015] 0.000 sec [ext2/2/ext 13 (0,4)] [user_core`, `user_delta]
[Mon Mar  9 22:45:15.567 2015] 0.000 sec [ext2/2/ext 13 (0,4)] [user_core`, `user_delta]
[Mon Mar  9 22:45:33.902 2015] 0.000 sec [ext2/2/ext 13 (0,4)] [user_core`, `user_delta]
[Mon Mar  9 22:50:06.779 2015] 0.000 sec [ext2/2/ext 13 (0,4)] [user_core`, `user_delta]
[Mon Mar  9 22:50:23.453 2015] 0.000 sec [ext2/2/ext 13 (0,4)] [user_core`, `user_delta]
[Mon Mar  9 22:51:04.314 2015] 0.000 sec [ext2/2/ext 13 (0,4)] [user_core`, `user_delta]
[Mon Mar  9 22:51:29.833 2015] 0.000 sec [ext2/2/ext 13 (0,4)] [user_core`, `user_delta]
[Mon Mar  9 22:53:10.366 2015] 0.000 sec [ext2/2/ext 13 (0,4)] [user_core`, `user_delta]
[Mon Mar  9 22:55:20.691 2015] 0.000 sec [ext2/2/ext 13 (0,4)] [user_core`, `user_delta]
[Mon Mar  9 23:00:37.579 2015] 0.000 sec [ext2/2/ext 13 (0,4)] [user_core`, `user_delta]
[Mon Mar  9 23:02:21.808 2015] 0.000 sec [ext2/2/ext 13 (0,4)] [user_core`, `user_delta]
[Mon Mar  9 23:04:26.288 2015] 0.000 sec [ext2/2/ext 13 (0,4)] [user_core`, `user_delta]
[Mon Mar  9 23:05:26.202 2015] 0.000 sec [ext2/2/ext 13 (0,4)] [user_core`, `user_delta]
[Mon Mar  9 23:06:16.735 2015] 0.000 sec [ext2/2/ext 13 (0,4)] [user_core`, `user_delta]
[Mon Mar  9 23:07:16.444 2015] 0.000 sec [ext2/2/ext 13 (0,4)] [user_core`, `user_delta]
[Mon Mar  9 23:08:20.920 2015] 0.000 sec [ext2/2/ext 13 (0,4)] [user_core`, `user_delta]
[Mon Mar  9 23:09:04.072 2015] 0.000 sec [ext2/2/ext 13 (0,4)] [user_core`, `user_delta]
[Mon Mar  9 23:09:21.281 2015] 0.000 sec [ext2/2/ext 13 (0,4)] [user_core`, `user_delta]
[Mon Mar  9 23:09:56.522 2015] 0.000 sec [ext2/2/ext 13 (0,4)] [user_core`, `user_delta]
[Mon Mar  9 23:10:03.784 2015] 0.000 sec [ext2/2/ext 13 (0,4)] [user_core`, `user_delta]
[Mon Mar  9 23:10:22.484 2015] 0.000 sec [ext2/2/ext 13 (0,4)] [user_core`, `user_delta]
[Mon Mar  9 23:10:30.372 2015] 0.000 sec [ext2/2/ext 13 (0,4)] [user_core`, `user_delta]
[Mon Mar  9 23:11:32.961 2015] 0.000 sec [ext2/2/ext 13 (0,4)] [user_core`, `user_delta]
[Mon Mar  9 23:13:57.684 2015] 0.000 sec [ext2/2/ext 13 (0,4)] [user_core`, `user_delta]
[Mon Mar  9 23:15:53.023 2015] 0.000 sec [ext2/2/ext 13 (0,4)] [user_core`, `user_delta]
[Mon Mar  9 23:18:29.062 2015] 0.000 sec [ext2/2/ext 13 (0,4)] [user_core`, `user_delta]
[Mon Mar  9 23:21:09.148 2015] 0.000 sec [ext2/2/ext 13 (0,4)] [user_core`, `user_delta]
[Mon Mar  9 23:21:27.369 2015] 0.000 sec [ext2/2/ext 13 (0,4)] [user_core`, `user_delta]
[Mon Mar  9 23:21:46.441 2015] 0.000 sec [ext2/2/ext 13 (0,4)] [user_core`, `user_delta]
[Mon Mar  9 23:23:03.489 2015] 0.000 sec [ext2/2/ext 13 (0,4)] [user_core`, `user_delta]
[Mon Mar  9 23:23:26.929 2015] 0.000 sec [ext2/2/ext 13 (0,4)] [user_core`, `user_delta]
[Mon Mar  9 23:27:30.781 2015] 0.000 sec [ext2/2/ext 13 (0,4)] [user_core`, `user_delta]
[Mon Mar  9 23:28:06.965 2015] 0.000 sec [ext2/2/ext 13 (0,4)] [user_core`, `user_delta]
[Mon Mar  9 23:28:33.680 2015] 0.000 sec [ext2/2/ext 13 (0,4)] [user_core`, `user_delta]
[Mon Mar  9 23:29:28.117 2015] 0.000 sec [ext2/2/ext 13 (0,4)] [user_core`, `user_delta]
[Mon Mar  9 23:29:59.493 2015] 0.000 sec [ext2/2/ext 13 (0,4)] [user_core`, `user_delta]
[Mon Mar  9 23:30:44.885 2015] 0.000 sec [ext2/2/ext 13 (0,4)] [user_core`, `user_delta]
[Mon Mar  9 23:32:08.242 2015] 0.000 sec [ext2/2/ext 13 (0,4)] [user_core`, `user_delta]
[Mon Mar  9 23:32:39.860 2015] 0.000 sec [ext2/2/ext 13 (0,4)] [user_core`, `user_delta]
[Mon Mar  9 23:33:12.045 2015] 0.000 sec [ext2/2/ext 13 (0,4)] [user_core`, `user_delta]
[Mon Mar  9 23:34:08.503 2015] 0.000 sec [ext2/2/ext 13 (0,4)] [user_core`, `user_delta]
[Mon Mar  9 23:35:55.526 2015] 0.000 sec [ext2/2/ext 13 (0,4)] [user_core`, `user_delta]
[Mon Mar  9 23:36:18.633 2015] 0.000 sec [ext2/2/ext 13 (0,4)] [user_core`, `user_delta]
[Mon Mar  9 23:36:33.008 2015] 0.000 sec [ext2/2/ext 13 (0,4)] [user_core`, `user_delta]
[Mon Mar  9 23:43:46.799 2015] 0.000 sec [ext2/2/ext 13 (0,4)] [user_core`, `user_delta]
[Mon Mar  9 23:44:32.517 2015] 0.000 sec [ext2/2/ext 13 (0,4)] [user_core`, `user_delta]
[Mon Mar  9 23:45:46.271 2015] 0.000 sec [ext2/2/ext 13 (0,4)] [user_core`, `user_delta]
[Mon Mar  9 23:47:39.738 2015] 0.000 sec [ext2/2/ext 13 (0,4)] [user_core`, `user_delta]
[Mon Mar  9 23:51:32.139 2015] 0.000 sec [ext2/2/ext 13 (0,4)] [user_core`, `user_delta]
[Mon Mar  9 23:52:20.610 2015] 0.000 sec [ext2/2/ext 13 (0,4)] [user_core`, `user_delta]
[Mon Mar  9 23:53:50.549 2015] 0.000 sec [ext2/2/ext 13 (0,4)] [user_core`, `user_delta]
[Mon Mar  9 23:54:15.729 2015] 0.000 sec [ext2/2/ext 13 (0,4)] [user_core`, `user_delta]
[Mon Mar  9 23:58:01.797 2015] 0.000 sec [ext2/2/ext 13 (0,4)] [user_core`, `user_delta]
[Tue Mar 10 00:00:28.639 2015] 0.000 sec [ext2/2/ext 13 (0,4)] [user_core`, `user_delta]
[Tue Mar 10 00:04:14.633 2015] 0.000 sec [ext2/2/ext 13 (0,4)] [user_core`, `user_delta]
[Tue Mar 10 00:04:37.510 2015] 0.000 sec [ext2/2/ext 13 (0,4)] [user_core`, `user_delta]
[Tue Mar 10 00:09:31.070 2015] 0.000 sec [ext2/2/ext 13 (0,4)] [user_core`, `user_delta]
[Tue Mar 10 00:11:25.634 2015] 0.000 sec [ext2/2/ext 13 (0,4)] [user_core`, `user_delta]
[Tue Mar 10 00:11:25.883 2015] 0.000 sec [ext2/2/ext 13 (0,4)] [user_core`, `user_delta]
[Tue Mar 10 00:48:00.203 2015] 0.000 sec [ext2/4/ext 3 (0,20)] [user_core`, `user_delta]
[Tue Mar 10 00:48:03.628 2015] 0.000 sec [ext2/4/ext 3 (0,20)] [user_core`, `user_delta]
[Tue Mar 10 00:50:07.133 2015] 0.000 sec [ext2/4/ext 3 (0,20)] [user_core`, `user_delta]
[Tue Mar 10 00:52:09.459 2015] 0.000 sec [ext2/4/ext 3 (0,20)] [user_core`, `user_delta]
[Tue Mar 10 00:54:00.651 2015] 0.000 sec [ext2/4/ext 3 (0,20)] [user_core`, `user_delta]
[Tue Mar 10 00:54:40.110 2015] 0.000 sec [ext2/4/ext 3 (0,20)] [user_core`, `user_delta]
[Tue Mar 10 01:01:59.858 2015] 0.000 sec [ext2/1/ext 14 (0,4)] [user_core`, `user_delta]
[Tue Mar 10 01:06:05.379 2015] 0.000 sec [ext2/2/ext 13 (0,4)] [user_core`, `user_delta]
[Tue Mar 10 08:57:26.637 2015] 0.016 sec [ext2/2/ext 13 (0,4)] [user_core`, `user_delta]
[Tue Mar 10 08:57:29.182 2015] 0.000 sec [ext2/2/ext 13 (0,4)] [user_core`, `user_delta]
[Tue Mar 10 09:10:57.089 2015] 0.000 sec [ext2/1/ext 1 (0,20)] [user_core]
[Tue Mar 10 09:10:57.115 2015] 0.000 sec [ext2/2/ext 13 (0,4)] [user_core`, `user_delta]
[Tue Mar 10 09:17:12.714 2015] 0.000 sec [ext2/4/ext 3 (0,20)] [user_core`, `user_delta]
[Tue Mar 10 09:17:15.028 2015] 0.000 sec [ext2/4/ext 3 (0,20)] [user_core`, `user_delta]
[Tue Mar 10 09:17:25.510 2015] 0.000 sec [ext2/4/ext 3 (0,20)] [user_core`, `user_delta]
[Tue Mar 10 09:17:34.474 2015] 0.000 sec [ext2/4/ext 3 (0,20)] [user_core`, `user_delta]
[Tue Mar 10 09:17:41.513 2015] 0.000 sec [ext2/4/ext 3 (0,20)] [user_core`, `user_delta]
[Tue Mar 10 09:21:31.169 2015] 0.000 sec [ext2/2/ext 13 (0,4)] [user_core`, `user_delta]
[Tue Mar 10 09:21:31.338 2015] 0.000 sec [ext2/2/ext 13 (0,4)] [user_core`, `user_delta]
[Tue Mar 10 09:23:23.200 2015] 0.000 sec [ext2/2/ext 13 (0,4)] [user_core`, `user_delta]
[Tue Mar 10 09:31:04.169 2015] 0.000 sec [ext2/2/ext 13 (0,4)] [user_core`, `user_delta]
[Tue Mar 10 09:37:21.329 2015] 0.000 sec [ext2/2/ext 13 (0,4)] [user_core`, `user_delta]
[Tue Mar 10 09:37:52.625 2015] 0.000 sec [ext2/2/ext 13 (0,4)] [user_core`, `user_delta]
[Tue Mar 10 09:38:08.829 2015] 0.000 sec [ext2/2/ext 13 (0,4)] [user_core`, `user_delta]
[Tue Mar 10 09:38:25.344 2015] 0.000 sec [ext2/2/ext 13 (0,4)] [user_core`, `user_delta]
[Tue Mar 10 09:39:29.060 2015] 0.000 sec [ext2/2/ext 13 (0,4)] [user_core`, `user_delta]
[Tue Mar 10 09:41:24.657 2015] 0.000 sec [ext2/2/ext 13 (0,4)] [user_core`, `user_delta]
[Tue Mar 10 09:43:21.675 2015] 0.000 sec [ext2/2/ext 13 (0,4)] [user_core`, `user_delta]
[Tue Mar 10 09:44:24.412 2015] 0.000 sec [ext2/2/ext 13 (0,4)] [user_core`, `user_delta]
[Tue Mar 10 09:46:05.478 2015] 0.000 sec [ext2/2/ext 13 (0,4)] [user_core`, `user_delta]
[Tue Mar 10 09:46:42.220 2015] 0.000 sec [ext2/2/ext 13 (0,4)] [user_core`, `user_delta]
[Tue Mar 10 09:47:29.582 2015] 0.000 sec [ext2/2/ext 13 (0,4)] [user_core`, `user_delta]
[Tue Mar 10 09:49:17.602 2015] 0.000 sec [ext2/2/ext 13 (0,4)] [user_core`, `user_delta]
[Tue Mar 10 09:51:01.779 2015] 0.000 sec [ext2/2/ext 13 (0,4)] [user_core`, `user_delta]
[Tue Mar 10 09:51:29.424 2015] 0.000 sec [ext2/2/ext 13 (0,4)] [user_core`, `user_delta]
[Tue Mar 10 09:53:02.704 2015] 0.000 sec [ext2/2/ext 13 (0,4)] [user_core`, `user_delta]
[Tue Mar 10 09:54:06.939 2015] 0.000 sec [ext2/2/ext 13 (0,4)] [user_core`, `user_delta]
[Tue Mar 10 09:55:00.837 2015] 0.000 sec [ext2/2/ext 13 (0,4)] [user_core`, `user_delta]
[Tue Mar 10 09:55:32.749 2015] 0.000 sec [ext2/2/ext 13 (0,4)] [user_core`, `user_delta]
[Tue Mar 10 09:57:04.325 2015] 0.000 sec [ext2/2/ext 13 (0,4)] [user_core`, `user_delta]
[Tue Mar 10 09:57:51.869 2015] 0.000 sec [ext2/2/ext 13 (0,4)] [user_core`, `user_delta]
[Tue Mar 10 09:58:57.458 2015] 0.000 sec [ext2/2/ext 13 (0,4)] [user_core`, `user_delta]
[Tue Mar 10 10:00:20.129 2015] 0.000 sec [ext2/2/ext 13 (0,4)] [user_core`, `user_delta]
[Tue Mar 10 10:01:42.218 2015] 0.000 sec [ext2/2/ext 13 (0,4)] [user_core`, `user_delta]
[Tue Mar 10 10:03:04.886 2015] 0.000 sec [ext2/2/ext 13 (0,4)] [user_core`, `user_delta]
[Tue Mar 10 10:03:48.258 2015] 0.000 sec [ext2/2/ext 13 (0,4)] [user_core`, `user_delta]
[Tue Mar 10 10:05:40.889 2015] 0.000 sec [ext2/2/ext 13 (0,4)] [user_core`, `user_delta]
[Tue Mar 10 10:06:38.133 2015] 0.000 sec [ext2/4/ext 0 (0,20)] [user_core`, `user_delta] @gender  Male|Female @ethnicity Asian|Black|Biracial @religion Agnostic|Atheist|Christian @children I want kids now|I want one someday|Yes they live with me
[Tue Mar 10 20:59:18.037 2015] 0.016 sec [ext2/2/ext 13 (0,4)] [user_core`, `user_delta]
[Tue Mar 10 20:59:39.591 2015] 0.000 sec [ext2/4/ext 3 (0,20)] [user_core`, `user_delta]
[Tue Mar 10 20:59:55.395 2015] 0.000 sec [ext2/2/ext 13 (0,4)] [user_core`, `user_delta]
[Tue Mar 10 21:08:10.185 2015] 0.000 sec [ext2/4/ext 3 (0,20)] [user_core`, `user_delta]
[Tue Mar 10 21:11:40.062 2015] 0.000 sec [ext2/4/ext 3 (0,20)] [user_core`, `user_delta]
[Tue Mar 10 21:14:17.527 2015] 0.000 sec [ext2/1/ext 14 (0,4)] [user_core`, `user_delta]
[Tue Mar 10 21:14:51.110 2015] 0.000 sec [ext2/2/ext 13 (0,4)] [user_core`, `user_delta]
[Tue Mar 10 21:14:56.126 2015] 0.000 sec [ext2/2/ext 13 (4,4)] [user_core`, `user_delta]
[Tue Mar 10 21:46:24.173 2015] 0.000 sec [ext2/2/ext 13 (0,4)] [user_core`, `user_delta]
[Tue Mar 10 21:46:24.611 2015] 0.000 sec [ext2/2/ext 13 (0,4)] [user_core`, `user_delta]
[Tue Mar 10 21:46:29.942 2015] 0.000 sec [ext2/4/ext 1 (0,20)] [user_core`, `user_delta]
[Tue Mar 10 21:46:31.593 2015] 0.000 sec [ext2/4/ext 1 (0,20)] [user_core`, `user_delta]
[Tue Mar 10 21:46:42.305 2015] 0.000 sec [ext2/1/ext 14 (0,4)] [user_core`, `user_delta]
[Tue Mar 10 21:46:57.449 2015] 0.000 sec [ext2/2/ext 13 (0,4)] [user_core`, `user_delta]
[Tue Mar 10 21:47:52.819 2015] 0.000 sec [ext2/4/ext 3 (0,20)] [user_core`, `user_delta]
[Tue Mar 10 21:49:07.611 2015] 0.000 sec [ext2/1/ext 14 (0,4)] [user_core`, `user_delta]
[Tue Mar 10 21:50:06.432 2015] 0.000 sec [ext2/2/ext 13 (0,4)] [user_core`, `user_delta]
[Tue Mar 10 21:50:15.246 2015] 0.000 sec [ext2/4/ext 1 (0,20)] [user_core`, `user_delta]
[Tue Mar 10 21:51:55.052 2015] 0.000 sec [ext2/1/ext 14 (0,4)] [user_core`, `user_delta]
[Tue Mar 10 21:52:58.301 2015] 0.000 sec [ext2/1/ext 0 (0,20)] [user_core]
[Tue Mar 10 21:53:07.585 2015] 0.000 sec [ext2/1/ext 15 (0,4)] [user_core`, `user_delta]
[Tue Mar 10 21:53:18.461 2015] 0.000 sec [ext2/4/ext 1 (0,20)] [user_core`, `user_delta]
[Tue Mar 10 21:54:51.526 2015] 0.000 sec [ext2/1/ext 0 (0,20)] [user_core]
[Tue Mar 10 21:54:58.043 2015] 0.000 sec [ext2/1/ext 16 (0,4)] [user_core`, `user_delta]
[Tue Mar 10 21:55:26.143 2015] 0.000 sec [ext2/1/ext 0 (0,20)] [user_core]
[Tue Mar 10 21:55:33.611 2015] 0.000 sec [ext2/1/ext 17 (0,4)] [user_core`, `user_delta]
[Tue Mar 10 21:56:49.276 2015] 0.000 sec [ext2/4/ext 1 (0,20)] [user_core`, `user_delta]
[Tue Mar 10 21:57:16.809 2015] 0.000 sec [ext2/4/ext 1 (0,20)] [user_core`, `user_delta]
[Tue Mar 10 22:00:33.311 2015] 0.000 sec [ext2/2/ext 16 (0,4)] [user_core`, `user_delta]
[Tue Mar 10 22:01:10.953 2015] 0.000 sec [ext2/4/ext 2 (0,20)] [user_core`, `user_delta]
[Tue Mar 10 22:22:44.608 2015] 0.000 sec [ext2/1/ext 1 (0,20)] [user_core]
[Tue Mar 10 22:56:48.288 2015] 0.000 sec [ext2/1/ext 1 (0,20)] [user_core]
[Tue Mar 10 23:47:00.046 2015] 0.000 sec [ext2/2/ext 16 (0,4)] [user_core`, `user_delta]
[Wed Mar 11 21:18:38.420 2015] 0.006 sec [ext2/1/ext 17 (0,4)] [user_core`, `user_delta]
[Wed Mar 11 21:18:40.947 2015] 0.000 sec [ext2/1/ext 17 (0,4)] [user_core`, `user_delta]
[Wed Mar 11 21:19:09.884 2015] 0.000 sec [ext2/1/ext 17 (4,4)] [user_core`, `user_delta]
[Wed Mar 11 21:19:11.513 2015] 0.000 sec [ext2/1/ext 17 (8,4)] [user_core`, `user_delta]
[Wed Mar 11 21:19:12.766 2015] 0.000 sec [ext2/1/ext 17 (12,4)] [user_core`, `user_delta]
[Wed Mar 11 21:19:17.460 2015] 0.000 sec [ext2/1/ext 17 (0,4)] [user_core`, `user_delta]
[Wed Mar 11 21:19:22.537 2015] 0.000 sec [ext2/1/ext 17 (4,4)] [user_core`, `user_delta]
[Wed Mar 11 21:19:24.326 2015] 0.000 sec [ext2/1/ext 17 (8,4)] [user_core`, `user_delta]
[Wed Mar 11 21:19:25.558 2015] 0.000 sec [ext2/1/ext 17 (12,4)] [user_core`, `user_delta]
[Wed Mar 11 21:19:26.743 2015] 0.000 sec [ext2/1/ext 17 (16,4)] [user_core`, `user_delta]
[Wed Mar 11 21:19:34.809 2015] 0.000 sec [ext2/1/ext 17 (16,4)] [user_core`, `user_delta]
[Wed Mar 11 21:19:59.512 2015] 0.000 sec [ext2/2/ext 16 (0,4)] [user_core`, `user_delta]
[Wed Mar 11 21:20:04.888 2015] 0.000 sec [ext2/2/ext 16 (4,4)] [user_core`, `user_delta]
[Wed Mar 11 21:20:06.127 2015] 0.000 sec [ext2/2/ext 16 (8,4)] [user_core`, `user_delta]
[Wed Mar 11 21:20:09.214 2015] 0.000 sec [ext2/2/ext 16 (12,4)] [user_core`, `user_delta]
[Wed Mar 11 21:20:10.358 2015] 0.000 sec [ext2/2/ext 16 (16,4)] [user_core`, `user_delta]
[Wed Mar 11 21:25:35.016 2015] 0.000 sec [ext2/1/ext 17 (0,4)] [user_core`, `user_delta]
[Wed Mar 11 21:25:44.393 2015] 0.000 sec [ext2/2/ext 16 (0,4)] [user_core`, `user_delta]
[Wed Mar 11 22:09:49.473 2015] 0.000 sec [ext2/4/ext 2 (0,20)] [user_core`, `user_delta]
[Wed Mar 11 22:11:24.392 2015] 0.000 sec [ext2/4/ext 2 (0,20)] [user_core`, `user_delta]
[Wed Mar 11 22:11:55.587 2015] 0.000 sec [ext2/1/ext 17 (0,4)] [user_core`, `user_delta]
